Using pre-set license
Built from '2022.2/staging' branch; Version is '2022.2.21f1 (4907324dc95b) revision 4785970'; Using compiler version '192829333'; Build Type 'Release'
OS: 'Windows 10  (10.0.19045) 64bit Professional' Language: 'en' Physical Memory: 8054 MB
BatchMode: 1, IsHumanControllingUs: 0, StartBugReporterOnCrash: 0, Is64bit: 1, IsPro: 1

COMMAND LINE ARGUMENTS:
D:\Code\Unity new\Editor Files\2022.2.21f1\Editor\Unity.exe
-adb2
-batchMode
-noUpm
-name
AssetImportWorker5
-projectPath
D:/Code/Unity new/Unity tutorial exercise/Unity-tutorial-exercise-Project-5-Shoot-em-Up/Project 5 - Shoot em Up
-logFile
Logs/AssetImportWorker5.log
-srvPort
52729
Successfully changed project path to: D:/Code/Unity new/Unity tutorial exercise/Unity-tutorial-exercise-Project-5-Shoot-em-Up/Project 5 - Shoot em Up
D:/Code/Unity new/Unity tutorial exercise/Unity-tutorial-exercise-Project-5-Shoot-em-Up/Project 5 - Shoot em Up
[UnityMemory] Configuration Parameters - Can be set up in boot.config
    "memorysetup-bucket-allocator-granularity=16"
    "memorysetup-bucket-allocator-bucket-count=8"
    "memorysetup-bucket-allocator-block-size=33554432"
    "memorysetup-bucket-allocator-block-count=8"
    "memorysetup-main-allocator-block-size=16777216"
    "memorysetup-thread-allocator-block-size=16777216"
    "memorysetup-gfx-main-allocator-block-size=16777216"
    "memorysetup-gfx-thread-allocator-block-size=16777216"
    "memorysetup-cache-allocator-block-size=4194304"
    "memorysetup-typetree-allocator-block-size=2097152"
    "memorysetup-profiler-bucket-allocator-granularity=16"
    "memorysetup-profiler-bucket-allocator-bucket-count=8"
    "memorysetup-profiler-bucket-allocator-block-size=33554432"
    "memorysetup-profiler-bucket-allocator-block-count=8"
    "memorysetup-profiler-allocator-block-size=16777216"
    "memorysetup-profiler-editor-allocator-block-size=1048576"
    "memorysetup-temp-allocator-size-main=16777216"
    "memorysetup-job-temp-allocator-block-size=2097152"
    "memorysetup-job-temp-allocator-block-size-background=1048576"
    "memorysetup-job-temp-allocator-reduction-small-platforms=262144"
    "memorysetup-allocator-temp-initial-block-size-main=262144"
    "memorysetup-allocator-temp-initial-block-size-worker=262144"
    "memorysetup-temp-allocator-size-background-worker=32768"
    "memorysetup-temp-allocator-size-job-worker=262144"
    "memorysetup-temp-allocator-size-preload-manager=33554432"
    "memorysetup-temp-allocator-size-nav-mesh-worker=65536"
    "memorysetup-temp-allocator-size-audio-worker=65536"
    "memorysetup-temp-allocator-size-cloud-worker=32768"
    "memorysetup-temp-allocator-size-gi-baking-worker=262144"
    "memorysetup-temp-allocator-size-gfx=262144"
Player connection [9796] Host "[IP] 192.168.20.101 [Port] 0 [Flags] 2 [Guid] 591344388 [EditorId] 591344388 [Version] 1048832 [Id] WindowsEditor(7,DESKTOP-KJNF2QE) [Debug] 1 [PackageName] WindowsEditor [ProjectName] Editor" joined multi-casting on [225.0.0.222:54997]...

Player connection [9796] Host "[IP] 192.168.20.101 [Port] 0 [Flags] 2 [Guid] 591344388 [EditorId] 591344388 [Version] 1048832 [Id] WindowsEditor(7,DESKTOP-KJNF2QE) [Debug] 1 [PackageName] WindowsEditor [ProjectName] Editor" joined alternative multi-casting on [225.0.0.222:34997]...

Refreshing native plugins compatible for Editor in 201.73 ms, found 4 plugins.
Preloading 0 native plugins for Editor in 0.00 ms.
Initialize engine version: 2022.2.21f1 (4907324dc95b)
[Subsystems] Discovering subsystems at path D:/Code/Unity new/Editor Files/2022.2.21f1/Editor/Data/Resources/UnitySubsystems
[Subsystems] Discovering subsystems at path D:/Code/Unity new/Unity tutorial exercise/Unity-tutorial-exercise-Project-5-Shoot-em-Up/Project 5 - Shoot em Up/Assets
GfxDevice: creating device client; threaded=0; jobified=0
Direct3D:
    Version:  Direct3D 11.0 [level 11.1]
    Renderer: NVIDIA GeForce GTX 1050 (ID=0x1c8d)
    Vendor:   NVIDIA
    VRAM:     4020 MB
    Driver:   31.0.15.4665
Initialize mono
Mono path[0] = 'D:/Code/Unity new/Editor Files/2022.2.21f1/Editor/Data/Managed'
Mono path[1] = 'D:/Code/Unity new/Editor Files/2022.2.21f1/Editor/Data/MonoBleedingEdge/lib/mono/unityjit-win32'
Mono config path = 'D:/Code/Unity new/Editor Files/2022.2.21f1/Editor/Data/MonoBleedingEdge/etc'
Using monoOptions --debugger-agent=transport=dt_socket,embedding=1,server=y,suspend=n,address=127.0.0.1:56800
Begin MonoManager ReloadAssembly
Registering precompiled unity dll's ...
Register platform support module: D:/Code/Unity new/Editor Files/2022.2.21f1/Editor/Data/PlaybackEngines/WebGLSupport/UnityEditor.WebGL.Extensions.dll
Register platform support module: D:/Code/Unity new/Editor Files/2022.2.21f1/Editor/Data/PlaybackEngines/AndroidPlayer/UnityEditor.Android.Extensions.dll
Register platform support module: D:/Code/Unity new/Editor Files/2022.2.21f1/Editor/Data/PlaybackEngines/WindowsStandaloneSupport/UnityEditor.WindowsStandalone.Extensions.dll
Register platform support module: D:/Code/Unity new/Editor Files/2022.2.21f1/Editor/Data/PlaybackEngines/MetroSupport/UnityEditor.UWP.Extensions.dll
Registered in 1.089408 seconds.
- Loaded All Assemblies, in 10.186 seconds
Native extension for UWP target not found
Native extension for WindowsStandalone target not found
Native extension for Android target not found
Android Extension - Scanning For ADB Devices 1362 ms
Native extension for WebGL target not found
Mono: successfully reloaded assembly
- Finished resetting the current domain, in  4.859 seconds
Domain Reload Profiling:
	ReloadAssembly (6186ms)
		BeginReloadAssembly (2451ms)
			ExecutionOrderSort (0ms)
			DisableScriptedObjects (0ms)
			BackupInstance (0ms)
			ReleaseScriptingObjects (0ms)
			CreateAndSetChildDomain (18ms)
		LoadAllAssembliesAndSetupDomain (0ms)
			LoadAssemblies (2569ms)
			RebuildTransferFunctionScriptingTraits (0ms)
			SetupTypeCache (3206ms)
				TypeCache.Initialize (3205ms)
					TypeCache.ScanAssembly (3202ms)
				ResolveRequiredComponents (1ms)
		FinalizeReload (0ms)
			ReleaseScriptCaches (0ms)
			RebuildScriptCaches (0ms)
			SetupLoadedEditorAssemblies (4221ms)
				LogAssemblyErrors (0ms)
				InitializePlatformSupportModulesInManaged (3399ms)
				SetLoadedEditorAssemblies (6ms)
				RefreshPlugins (0ms)
				BeforeProcessingInitializeOnLoad (2ms)
				ProcessInitializeOnLoadAttributes (545ms)
				ProcessInitializeOnLoadMethodAttributes (266ms)
				AfterProcessingInitializeOnLoad (0ms)
				EditorAssembliesLoaded (3ms)
			ExecutionOrderSort2 (0ms)
			AwakeInstancesAfterBackupRestoration (0ms)
========================================================================
Worker process is ready to serve import requests
Begin MonoManager ReloadAssembly
Symbol file LoadedFromMemory doesn't match image D:\Code\Unity new\Unity tutorial exercise\Unity-tutorial-exercise-Project-5-Shoot-em-Up\Project 5 - Shoot em Up\Library\PackageCache\com.unity.visualscripting@1.8.0\Editor\VisualScripting.Core\Dependencies\YamlDotNet\Unity.VisualScripting.YamlDotNet.dll
Symbol file LoadedFromMemory doesn't match image D:\Code\Unity new\Unity tutorial exercise\Unity-tutorial-exercise-Project-5-Shoot-em-Up\Project 5 - Shoot em Up\Library\PackageCache\com.unity.visualscripting@1.8.0\Editor\VisualScripting.Core\Dependencies\DotNetZip\Unity.VisualScripting.IonicZip.dll
- Loaded All Assemblies, in 12.797 seconds
Refreshing native plugins compatible for Editor in 104.38 ms, found 4 plugins.
Native extension for UWP target not found
Native extension for WindowsStandalone target not found
Native extension for Android target not found
Native extension for WebGL target not found
Mono: successfully reloaded assembly
- Finished resetting the current domain, in  3.824 seconds
Domain Reload Profiling:
	ReloadAssembly (3199ms)
		BeginReloadAssembly (1944ms)
			ExecutionOrderSort (0ms)
			DisableScriptedObjects (18ms)
			BackupInstance (0ms)
			ReleaseScriptingObjects (0ms)
			CreateAndSetChildDomain (81ms)
		LoadAllAssembliesAndSetupDomain (9517ms)
			LoadAssemblies (9267ms)
			RebuildTransferFunctionScriptingTraits (0ms)
			SetupTypeCache (1963ms)
				TypeCache.Initialize (1876ms)
					TypeCache.ScanAssembly (1862ms)
				ResolveRequiredComponents (14ms)
		FinalizeReload (0ms)
			ReleaseScriptCaches (0ms)
			RebuildScriptCaches (0ms)
			SetupLoadedEditorAssemblies (3161ms)
				LogAssemblyErrors (0ms)
				InitializePlatformSupportModulesInManaged (106ms)
				SetLoadedEditorAssemblies (18ms)
				RefreshPlugins (0ms)
				BeforeProcessingInitializeOnLoad (216ms)
				ProcessInitializeOnLoadAttributes (2590ms)
				ProcessInitializeOnLoadMethodAttributes (216ms)
				AfterProcessingInitializeOnLoad (15ms)
				EditorAssembliesLoaded (0ms)
			ExecutionOrderSort2 (0ms)
			AwakeInstancesAfterBackupRestoration (20ms)
Launched and connected shader compiler UnityShaderCompiler.exe after 0.40 seconds
Refreshing native plugins compatible for Editor in 18.14 ms, found 4 plugins.
Preloading 0 native plugins for Editor in 0.00 ms.
Unloading 3955 Unused Serialized files (Serialized files now loaded: 0)
Unloading 63 unused Assets / (60.3 KB). Loaded Objects now: 4422.
Memory consumption went from 133.3 MB to 133.2 MB.
Total: 16.914000 ms (FindLiveObjects: 5.995200 ms CreateObjectMapping: 4.505900 ms MarkObjects: 6.241700 ms  DeleteObjects: 0.169800 ms)

AssetImportParameters requested are different than current active one (requested -> active):
  custom:container-demuxer-ogg: 62fdf1f143b41e24485cea50d1cbac27 -> 
  custom:video-decoder-ogg-theora: a1e56fd34408186e4bbccfd4996cb3dc -> 
  custom:framework-win-MediaFoundation: 216162199b28c13a410421893ffa2e32 -> 
  custom:container-demuxer-webm: 4f35f7cbe854078d1ac9338744f61a02 -> 
  custom:container-muxer-webm: aa71ff27fc2769a1b78a27578f13a17b -> 
  custom:video-decoder-webm-vp8: 9c59270c3fd7afecdb556c50c9e8de78 -> 
  custom:AudioImporter_EditorPlatform: d09bf68614088b80899f8185d706f6e7 -> 
  custom:video-encoder-webm-vp8: eb34c28f22e8b96e1ab97ce403110664 -> 
  custom:audio-decoder-ogg-vorbis: bf7c407c2cedff20999df2af8eb42d56 -> 
  custom:audio-encoder-webm-vorbis: bf7c407c2cedff20999df2af8eb42d56 -> 
========================================================================
Received Import Request.
  Time since last request: 101378.835175 seconds.
  path: Assets/Scripts
  artifactKey: Guid(eb02dac4688845f419a5f635dd1a0cfe) Importer(815301076,1909f56bfc062723c751e8b465ee728b)
Start importing Assets/Scripts using Guid(eb02dac4688845f419a5f635dd1a0cfe) Importer(815301076,1909f56bfc062723c751e8b465ee728b)  -> (artifact id: '21e11af9d1c75f13a4218f89cf8bd1c0') in 0.029252 seconds
Number of updated asset objects reloaded before import = 0
Number of asset objects unloaded after import = 0
========================================================================
Received Import Request.
  Time since last request: 0.001371 seconds.
  path: Assets/Artwork
  artifactKey: Guid(c6f66df4fc5a50c4f86665e6c6097dd3) Importer(815301076,1909f56bfc062723c751e8b465ee728b)
Start importing Assets/Artwork using Guid(c6f66df4fc5a50c4f86665e6c6097dd3) Importer(815301076,1909f56bfc062723c751e8b465ee728b)  -> (artifact id: '93bd0e5847c094c0e996d1c12194e0d0') in 0.000942 seconds
Number of updated asset objects reloaded before import = 0
Number of asset objects unloaded after import = 0
========================================================================
Received Import Request.
  Time since last request: 67.596084 seconds.
  path: Assets/ships_packed.png
  artifactKey: Guid(26539fecf13812c4ea79a2415ee8a558) Importer(815301076,1909f56bfc062723c751e8b465ee728b)
Start importing Assets/ships_packed.png using Guid(26539fecf13812c4ea79a2415ee8a558) Importer(815301076,1909f56bfc062723c751e8b465ee728b)  -> (artifact id: '7b84db8851313296c11301062005ac1b') in 0.428993 seconds
Number of updated asset objects reloaded before import = 0
Number of asset objects unloaded after import = 3
========================================================================
Received Import Request.
  Time since last request: 13.220440 seconds.
  path: Assets/Artwork/Tilemap
  artifactKey: Guid(138c1e37e48788c40b5ae5d5aa5b6e78) Importer(815301076,1909f56bfc062723c751e8b465ee728b)
Start importing Assets/Artwork/Tilemap using Guid(138c1e37e48788c40b5ae5d5aa5b6e78) Importer(815301076,1909f56bfc062723c751e8b465ee728b)  -> (artifact id: '08a5fdfdea8c6b79fa7db50182af49f5') in 0.000973 seconds
Number of updated asset objects reloaded before import = 0
Number of asset objects unloaded after import = 0
========================================================================
Received Import Request.
  Time since last request: 1.132118 seconds.
  path: Assets/Artwork/Tilemap/ships.png
  artifactKey: Guid(fdae1b9dd206ade4eb1acd73c17828cb) Importer(815301076,1909f56bfc062723c751e8b465ee728b)
Start importing Assets/Artwork/Tilemap/ships.png using Guid(fdae1b9dd206ade4eb1acd73c17828cb) Importer(815301076,1909f56bfc062723c751e8b465ee728b)  -> (artifact id: 'e27b8206bda8cc0bd61ecb487550a477') in 0.052575 seconds
Number of updated asset objects reloaded before import = 0
Number of asset objects unloaded after import = 3
========================================================================
Received Import Request.
  Time since last request: 1.785206 seconds.
  path: Assets/Artwork/Tilemap/ships_packed.png
  artifactKey: Guid(0c99dd6fcaf81894a89990f5e2bda517) Importer(815301076,1909f56bfc062723c751e8b465ee728b)
Start importing Assets/Artwork/Tilemap/ships_packed.png using Guid(0c99dd6fcaf81894a89990f5e2bda517) Importer(815301076,1909f56bfc062723c751e8b465ee728b)  -> (artifact id: '84ec864645c3cf96e34e9f870baffbd6') in 0.192972 seconds
Number of updated asset objects reloaded before import = 0
Number of asset objects unloaded after import = 3
========================================================================
Received Import Request.
  Time since last request: 1.433819 seconds.
  path: Assets/Artwork/Tilemap/tiles.png
  artifactKey: Guid(c490e908341fe1e4a8a4c8ff4b1a5033) Importer(815301076,1909f56bfc062723c751e8b465ee728b)
Start importing Assets/Artwork/Tilemap/tiles.png using Guid(c490e908341fe1e4a8a4c8ff4b1a5033) Importer(815301076,1909f56bfc062723c751e8b465ee728b)  -> (artifact id: '9bb7bfbcf2be13efd3bf91bbfc4767b9') in 0.214534 seconds
Number of updated asset objects reloaded before import = 0
Number of asset objects unloaded after import = 3
========================================================================
Received Import Request.
  Time since last request: 0.338514 seconds.
  path: Assets/Artwork/Tilemap/tiles_packed.png
  artifactKey: Guid(f307efb1141a10b45ac5bcc72b73ae70) Importer(815301076,1909f56bfc062723c751e8b465ee728b)
Start importing Assets/Artwork/Tilemap/tiles_packed.png using Guid(f307efb1141a10b45ac5bcc72b73ae70) Importer(815301076,1909f56bfc062723c751e8b465ee728b)  -> (artifact id: 'a891e66e4b1c37c4e01a480f8e8cc1fd') in 0.298010 seconds
Number of updated asset objects reloaded before import = 0
Number of asset objects unloaded after import = 3
========================================================================
Received Import Request.
  Time since last request: 45.164421 seconds.
  path: Assets/Artwork/Tilemap/tiles.png
  artifactKey: Guid(c490e908341fe1e4a8a4c8ff4b1a5033) Importer(815301076,1909f56bfc062723c751e8b465ee728b)
Start importing Assets/Artwork/Tilemap/tiles.png using Guid(c490e908341fe1e4a8a4c8ff4b1a5033) Importer(815301076,1909f56bfc062723c751e8b465ee728b)  -> (artifact id: 'f22d12604b81ae54e912b1a7b8919c41') in 0.202728 seconds
Number of updated asset objects reloaded before import = 0
Number of asset objects unloaded after import = 2
========================================================================
Received Import Request.
  Time since last request: 9.697390 seconds.
  path: Assets/Artwork/Tilemap/tiles.png
  artifactKey: Guid(c490e908341fe1e4a8a4c8ff4b1a5033) Importer(815301076,1909f56bfc062723c751e8b465ee728b)
Start importing Assets/Artwork/Tilemap/tiles.png using Guid(c490e908341fe1e4a8a4c8ff4b1a5033) Importer(815301076,1909f56bfc062723c751e8b465ee728b)  -> (artifact id: '15f9fc457b17054609dea93853956225') in 0.044845 seconds
Number of updated asset objects reloaded before import = 0
Number of asset objects unloaded after import = 2
========================================================================
Received Import Request.
  Time since last request: 62.745581 seconds.
  path: Assets/Artwork/Tilemap/tiles.png
  artifactKey: Guid(c490e908341fe1e4a8a4c8ff4b1a5033) Importer(815301076,1909f56bfc062723c751e8b465ee728b)
Start importing Assets/Artwork/Tilemap/tiles.png using Guid(c490e908341fe1e4a8a4c8ff4b1a5033) Importer(815301076,1909f56bfc062723c751e8b465ee728b)  -> (artifact id: '5d69fc86abf157266e56a9eb0b256810') in 0.587358 seconds
Number of updated asset objects reloaded before import = 0
Number of asset objects unloaded after import = 133
========================================================================
Received Import Request.
  Time since last request: 38.431526 seconds.
  path: Assets/Artwork/Tilemap/ships_packed.png
  artifactKey: Guid(0c99dd6fcaf81894a89990f5e2bda517) Importer(815301076,1909f56bfc062723c751e8b465ee728b)
Start importing Assets/Artwork/Tilemap/ships_packed.png using Guid(0c99dd6fcaf81894a89990f5e2bda517) Importer(815301076,1909f56bfc062723c751e8b465ee728b)  -> (artifact id: '304eb5f1bdecd297149aba9226cd4c25') in 0.020142 seconds
Number of updated asset objects reloaded before import = 0
Number of asset objects unloaded after import = 2
========================================================================
Received Import Request.
  Time since last request: 6.224886 seconds.
  path: Assets/Artwork/Tilemap/ships_packed.png
  artifactKey: Guid(0c99dd6fcaf81894a89990f5e2bda517) Importer(815301076,1909f56bfc062723c751e8b465ee728b)
Start importing Assets/Artwork/Tilemap/ships_packed.png using Guid(0c99dd6fcaf81894a89990f5e2bda517) Importer(815301076,1909f56bfc062723c751e8b465ee728b)  -> (artifact id: 'd942f579f2473c825f6b003258266ae3') in 0.131550 seconds
Number of updated asset objects reloaded before import = 0
Number of asset objects unloaded after import = 24
========================================================================
Received Import Request.
  Time since last request: 14.763427 seconds.
  path: Assets/Artwork/Tilemap/ships_packed.png
  artifactKey: Guid(0c99dd6fcaf81894a89990f5e2bda517) Importer(815301076,1909f56bfc062723c751e8b465ee728b)
Start importing Assets/Artwork/Tilemap/ships_packed.png using Guid(0c99dd6fcaf81894a89990f5e2bda517) Importer(815301076,1909f56bfc062723c751e8b465ee728b)  -> (artifact id: '122aa22c9df21695a40d2ce741be5469') in 0.168028 seconds
Number of updated asset objects reloaded before import = 0
Number of asset objects unloaded after import = 24
========================================================================
Received Import Request.
  Time since last request: 347.693856 seconds.
  path: Assets/Artwork/Tilemap/tiles.png
  artifactKey: Guid(c490e908341fe1e4a8a4c8ff4b1a5033) Importer(815301076,1909f56bfc062723c751e8b465ee728b)
Start importing Assets/Artwork/Tilemap/tiles.png using Guid(c490e908341fe1e4a8a4c8ff4b1a5033) Importer(815301076,1909f56bfc062723c751e8b465ee728b)  -> (artifact id: '3f7898b3357a9bdc7c49af1a12b2038f') in 0.574656 seconds
Number of updated asset objects reloaded before import = 0
Number of asset objects unloaded after import = 133
